<?xml version="1.0" encoding="UTF-8"?>
<testsuite xmlns:xsi="http://www.w3.org/2001/XMLSchema-instance" xsi:noNamespaceSchemaLocation="https://maven.apache.org/surefire/maven-surefire-plugin/xsd/surefire-test-report-3.0.xsd" version="3.0" name="com.algonquincollege.cst8277.models.ProductCategoryTestSuite" time="1.921" tests="5" errors="0" skipped="0" failures="0">
  <properties>
[...]
</properties>
  <testcase name="deleteCategory" classname="com.algonquincollege.cst8277.models.ProductCategoryTestSuite" time="0.064"/>
  <testcase name="getAllProducts" classname="com.algonquincollege.cst8277.models.ProductCategoryTestSuite" time="0.031"/>
  <testcase name="getAllCategories" classname="com.algonquincollege.cst8277.models.ProductCategoryTestSuite" time="0.016"/>
  <testcase name="updateCategory" classname="com.algonquincollege.cst8277.models.ProductCategoryTestSuite" time="0.031"/>
  <testcase name="createCategory" classname="com.algonquincollege.cst8277.models.ProductCategoryTestSuite" time="0.003"/>
</testsuite>